2024-11-25 15:49:17,767 [Worker-5: Loading available Gradle versions] INFO  o.e.b.c.i.u.g.PublishedGradleVersions - Gradle version information cache is up-to-date. Trying to read.
2024-11-25 15:51:57,232 [Worker-14: Update Maven projects configuration] INFO  o.e.m.c.i.p.ProjectConfigurationManager - Update started
2024-11-25 15:51:58,967 [Worker-14: Update Maven projects configuration] INFO  o.e.m.c.i.l.LifecycleMappingFactory - Using org.eclipse.m2e.jdt.JarLifecycleMapping lifecycle mapping for MavenProject: com.infosys:carRentalSystem:0.0.1-SNAPSHOT @ C:\Infosys Internship\carRentalSystem\carRentalApplication\carRentalSystem\pom.xml.
2024-11-25 15:52:00,678 [Worker-14: Update Maven projects configuration] INFO  o.e.m.j.i.AbstractJavaProjectConfigurator - Adding source folder /carRentalSystem/src/main/java
2024-11-25 15:52:00,679 [Worker-14: Update Maven projects configuration] INFO  o.e.m.j.i.AbstractJavaProjectConfigurator - Adding resource folder /carRentalSystem/src/main/resources
2024-11-25 15:52:00,693 [Worker-14: Update Maven projects configuration] INFO  o.e.m.j.i.AbstractJavaProjectConfigurator - Adding resource folder /carRentalSystem/src/main/resources
2024-11-25 15:52:00,711 [Worker-14: Update Maven projects configuration] INFO  o.e.m.j.i.AbstractJavaProjectConfigurator - Adding source folder /carRentalSystem/src/test/java
2024-11-25 15:52:00,712 [Worker-14: Update Maven projects configuration] INFO  o.e.m.j.i.AbstractJavaProjectConfigurator - Adding resource folder /carRentalSystem/src/test/resources
2024-11-25 15:52:03,424 [Worker-14: Update Maven projects configuration] INFO  o.e.m.c.i.p.ProjectConfigurationManager - Update completed for 1 poms: local refresh takes 0.00 sec, refresh facades takes 3.00 sec, update config takes 3.00 sec 
2024-11-25 15:52:04,090 [Worker-13: Building] INFO  o.a.m.s.f.DefaultMavenResourcesFiltering - Copying 1 resource from src\main\resources to target\classes
2024-11-25 15:52:04,108 [Worker-13: Building] INFO  o.a.m.s.f.DefaultMavenResourcesFiltering - Copying 0 resource from src\main\resources to target\classes
2024-11-25 15:52:04,113 [Worker-13: Building] INFO  o.a.m.s.f.DefaultMavenResourcesFiltering - skip non existing resourceDirectory C:\Infosys Internship\carRentalSystem\carRentalApplication\carRentalSystem\src\test\resources
2024-11-25 15:53:13,867 [Worker-16: Launching CarRentalSystemApplication] INFO  o.a.m.s.f.DefaultMavenResourcesFiltering - Copying 1 resource from src\main\resources to target\classes
2024-11-25 15:53:13,936 [Worker-16: Launching CarRentalSystemApplication] INFO  o.a.m.s.f.DefaultMavenResourcesFiltering - Copying 0 resource from src\main\resources to target\classes
2024-11-25 15:53:13,942 [Worker-16: Launching CarRentalSystemApplication] INFO  o.a.m.s.f.DefaultMavenResourcesFiltering - skip non existing resourceDirectory C:\Infosys Internship\carRentalSystem\carRentalApplication\carRentalSystem\src\test\resources
2024-11-25 16:18:51,791 [Worker-2: Loading available Gradle versions] INFO  o.e.b.c.i.u.g.PublishedGradleVersions - Gradle version information cache is up-to-date. Trying to read.
2024-11-25 16:34:41,480 [main] INFO  o.e.m2e.actions.ExecutePomAction - Creating new launch configuration
2024-11-25 16:36:41,238 [Worker-14: Launching carRentalSystem] INFO  o.eclipse.m2e.core.internal.Bundles - getClasspathEntries(Bundle=org.eclipse.m2e.maven.runtime_3.9.500.20231113-2345 [626])
2024-11-25 16:36:41,239 [Worker-14: Launching carRentalSystem] INFO  o.eclipse.m2e.core.internal.Bundles - 	Entry: C:\Users\amusk\.p2\pool\plugins\org.eclipse.m2e.maven.runtime_3.9.500.20231113-2345
2024-11-25 16:36:41,240 [Worker-14: Launching carRentalSystem] INFO  o.eclipse.m2e.core.internal.Bundles - 	Entry: C:\Users\amusk\.p2\pool\plugins\org.eclipse.m2e.maven.runtime_3.9.500.20231113-2345\jars\aopalliance-1.0.jar
2024-11-25 16:36:41,240 [Worker-14: Launching carRentalSystem] INFO  o.eclipse.m2e.core.internal.Bundles - 	Entry: C:\Users\amusk\.p2\pool\plugins\org.eclipse.m2e.maven.runtime_3.9.500.20231113-2345\jars\guice-5.1.0.jar
2024-11-25 16:36:41,240 [Worker-14: Launching carRentalSystem] INFO  o.eclipse.m2e.core.internal.Bundles - 	Entry: C:\Users\amusk\.p2\pool\plugins\org.eclipse.m2e.maven.runtime_3.9.500.20231113-2345\jars\httpclient-4.5.14.jar
2024-11-25 16:36:41,240 [Worker-14: Launching carRentalSystem] INFO  o.eclipse.m2e.core.internal.Bundles - 	Entry: C:\Users\amusk\.p2\pool\plugins\org.eclipse.m2e.maven.runtime_3.9.500.20231113-2345\jars\httpcore-4.4.16.jar
2024-11-25 16:36:41,241 [Worker-14: Launching carRentalSystem] INFO  o.eclipse.m2e.core.internal.Bundles - 	Entry: C:\Users\amusk\.p2\pool\plugins\org.eclipse.m2e.maven.runtime_3.9.500.20231113-2345\jars\jansi-2.4.0.jar
2024-11-25 16:36:41,241 [Worker-14: Launching carRentalSystem] INFO  o.eclipse.m2e.core.internal.Bundles - 	Entry: C:\Users\amusk\.p2\pool\plugins\org.eclipse.m2e.maven.runtime_3.9.500.20231113-2345\jars\jcl-over-slf4j-1.7.36.jar
2024-11-25 16:36:41,241 [Worker-14: Launching carRentalSystem] INFO  o.eclipse.m2e.core.internal.Bundles - 	Entry: C:\Users\amusk\.p2\pool\plugins\org.eclipse.m2e.maven.runtime_3.9.500.20231113-2345\jars\maven-artifact-3.9.5.jar
2024-11-25 16:36:41,241 [Worker-14: Launching carRentalSystem] INFO  o.eclipse.m2e.core.internal.Bundles - 	Entry: C:\Users\amusk\.p2\pool\plugins\org.eclipse.m2e.maven.runtime_3.9.500.20231113-2345\jars\maven-builder-support-3.9.5.jar
2024-11-25 16:36:41,241 [Worker-14: Launching carRentalSystem] INFO  o.eclipse.m2e.core.internal.Bundles - 	Entry: C:\Users\amusk\.p2\pool\plugins\org.eclipse.m2e.maven.runtime_3.9.500.20231113-2345\jars\maven-compat-3.9.5.jar
2024-11-25 16:36:41,241 [Worker-14: Launching carRentalSystem] INFO  o.eclipse.m2e.core.internal.Bundles - 	Entry: C:\Users\amusk\.p2\pool\plugins\org.eclipse.m2e.maven.runtime_3.9.500.20231113-2345\jars\maven-core-3.9.5.jar
2024-11-25 16:36:41,241 [Worker-14: Launching carRentalSystem] INFO  o.eclipse.m2e.core.internal.Bundles - 	Entry: C:\Users\amusk\.p2\pool\plugins\org.eclipse.m2e.maven.runtime_3.9.500.20231113-2345\jars\maven-embedder-3.9.5.jar
2024-11-25 16:36:41,241 [Worker-14: Launching carRentalSystem] INFO  o.eclipse.m2e.core.internal.Bundles - 	Entry: C:\Users\amusk\.p2\pool\plugins\org.eclipse.m2e.maven.runtime_3.9.500.20231113-2345\jars\maven-model-3.9.5.jar
2024-11-25 16:36:41,241 [Worker-14: Launching carRentalSystem] INFO  o.eclipse.m2e.core.internal.Bundles - 	Entry: C:\Users\amusk\.p2\pool\plugins\org.eclipse.m2e.maven.runtime_3.9.500.20231113-2345\jars\maven-model-builder-3.9.5.jar
2024-11-25 16:36:41,242 [Worker-14: Launching carRentalSystem] INFO  o.eclipse.m2e.core.internal.Bundles - 	Entry: C:\Users\amusk\.p2\pool\plugins\org.eclipse.m2e.maven.runtime_3.9.500.20231113-2345\jars\maven-plugin-api-3.9.5.jar
2024-11-25 16:36:41,242 [Worker-14: Launching carRentalSystem] INFO  o.eclipse.m2e.core.internal.Bundles - 	Entry: C:\Users\amusk\.p2\pool\plugins\org.eclipse.m2e.maven.runtime_3.9.500.20231113-2345\jars\maven-repository-metadata-3.9.5.jar
2024-11-25 16:36:41,242 [Worker-14: Launching carRentalSystem] INFO  o.eclipse.m2e.core.internal.Bundles - 	Entry: C:\Users\amusk\.p2\pool\plugins\org.eclipse.m2e.maven.runtime_3.9.500.20231113-2345\jars\maven-resolver-api-1.9.16.jar
2024-11-25 16:36:41,242 [Worker-14: Launching carRentalSystem] INFO  o.eclipse.m2e.core.internal.Bundles - 	Entry: C:\Users\amusk\.p2\pool\plugins\org.eclipse.m2e.maven.runtime_3.9.500.20231113-2345\jars\maven-resolver-connector-basic-1.9.16.jar
2024-11-25 16:36:41,242 [Worker-14: Launching carRentalSystem] INFO  o.eclipse.m2e.core.internal.Bundles - 	Entry: C:\Users\amusk\.p2\pool\plugins\org.eclipse.m2e.maven.runtime_3.9.500.20231113-2345\jars\maven-resolver-impl-1.9.16.jar
2024-11-25 16:36:41,242 [Worker-14: Launching carRentalSystem] INFO  o.eclipse.m2e.core.internal.Bundles - 	Entry: C:\Users\amusk\.p2\pool\plugins\org.eclipse.m2e.maven.runtime_3.9.500.20231113-2345\jars\maven-resolver-named-locks-1.9.16.jar
2024-11-25 16:36:41,242 [Worker-14: Launching carRentalSystem] INFO  o.eclipse.m2e.core.internal.Bundles - 	Entry: C:\Users\amusk\.p2\pool\plugins\org.eclipse.m2e.maven.runtime_3.9.500.20231113-2345\jars\maven-resolver-provider-3.9.5.jar
2024-11-25 16:36:41,242 [Worker-14: Launching carRentalSystem] INFO  o.eclipse.m2e.core.internal.Bundles - 	Entry: C:\Users\amusk\.p2\pool\plugins\org.eclipse.m2e.maven.runtime_3.9.500.20231113-2345\jars\maven-resolver-spi-1.9.16.jar
2024-11-25 16:36:41,242 [Worker-14: Launching carRentalSystem] INFO  o.eclipse.m2e.core.internal.Bundles - 	Entry: C:\Users\amusk\.p2\pool\plugins\org.eclipse.m2e.maven.runtime_3.9.500.20231113-2345\jars\maven-resolver-transport-file-1.9.16.jar
2024-11-25 16:36:41,243 [Worker-14: Launching carRentalSystem] INFO  o.eclipse.m2e.core.internal.Bundles - 	Entry: C:\Users\amusk\.p2\pool\plugins\org.eclipse.m2e.maven.runtime_3.9.500.20231113-2345\jars\maven-resolver-transport-http-1.9.16.jar
2024-11-25 16:36:41,243 [Worker-14: Launching carRentalSystem] INFO  o.eclipse.m2e.core.internal.Bundles - 	Entry: C:\Users\amusk\.p2\pool\plugins\org.eclipse.m2e.maven.runtime_3.9.500.20231113-2345\jars\maven-resolver-transport-wagon-1.9.16.jar
2024-11-25 16:36:41,243 [Worker-14: Launching carRentalSystem] INFO  o.eclipse.m2e.core.internal.Bundles - 	Entry: C:\Users\amusk\.p2\pool\plugins\org.eclipse.m2e.maven.runtime_3.9.500.20231113-2345\jars\maven-resolver-util-1.9.16.jar
2024-11-25 16:36:41,243 [Worker-14: Launching carRentalSystem] INFO  o.eclipse.m2e.core.internal.Bundles - 	Entry: C:\Users\amusk\.p2\pool\plugins\org.eclipse.m2e.maven.runtime_3.9.500.20231113-2345\jars\maven-settings-3.9.5.jar
2024-11-25 16:36:41,243 [Worker-14: Launching carRentalSystem] INFO  o.eclipse.m2e.core.internal.Bundles - 	Entry: C:\Users\amusk\.p2\pool\plugins\org.eclipse.m2e.maven.runtime_3.9.500.20231113-2345\jars\maven-settings-builder-3.9.5.jar
2024-11-25 16:36:41,243 [Worker-14: Launching carRentalSystem] INFO  o.eclipse.m2e.core.internal.Bundles - 	Entry: C:\Users\amusk\.p2\pool\plugins\org.eclipse.m2e.maven.runtime_3.9.500.20231113-2345\jars\maven-shared-utils-3.3.4.jar
2024-11-25 16:36:41,243 [Worker-14: Launching carRentalSystem] INFO  o.eclipse.m2e.core.internal.Bundles - 	Entry: C:\Users\amusk\.p2\pool\plugins\org.eclipse.m2e.maven.runtime_3.9.500.20231113-2345\jars\org.eclipse.sisu.inject-0.3.5.jar
2024-11-25 16:36:41,243 [Worker-14: Launching carRentalSystem] INFO  o.eclipse.m2e.core.internal.Bundles - 	Entry: C:\Users\amusk\.p2\pool\plugins\org.eclipse.m2e.maven.runtime_3.9.500.20231113-2345\jars\org.eclipse.sisu.plexus-0.3.5.jar
2024-11-25 16:36:41,243 [Worker-14: Launching carRentalSystem] INFO  o.eclipse.m2e.core.internal.Bundles - 	Entry: C:\Users\amusk\.p2\pool\plugins\org.eclipse.m2e.maven.runtime_3.9.500.20231113-2345\jars\plexus-build-api-0.0.7.jar
2024-11-25 16:36:41,243 [Worker-14: Launching carRentalSystem] INFO  o.eclipse.m2e.core.internal.Bundles - 	Entry: C:\Users\amusk\.p2\pool\plugins\org.eclipse.m2e.maven.runtime_3.9.500.20231113-2345\jars\plexus-cipher-2.0.jar
2024-11-25 16:36:41,244 [Worker-14: Launching carRentalSystem] INFO  o.eclipse.m2e.core.internal.Bundles - 	Entry: C:\Users\amusk\.p2\pool\plugins\org.eclipse.m2e.maven.runtime_3.9.500.20231113-2345\jars\plexus-classworlds-2.7.0.jar
2024-11-25 16:36:41,244 [Worker-14: Launching carRentalSystem] INFO  o.eclipse.m2e.core.internal.Bundles - 	Entry: C:\Users\amusk\.p2\pool\plugins\org.eclipse.m2e.maven.runtime_3.9.500.20231113-2345\jars\plexus-component-annotations-2.1.0.jar
2024-11-25 16:36:41,244 [Worker-14: Launching carRentalSystem] INFO  o.eclipse.m2e.core.internal.Bundles - 	Entry: C:\Users\amusk\.p2\pool\plugins\org.eclipse.m2e.maven.runtime_3.9.500.20231113-2345\jars\plexus-interpolation-1.26.jar
2024-11-25 16:36:41,244 [Worker-14: Launching carRentalSystem] INFO  o.eclipse.m2e.core.internal.Bundles - 	Entry: C:\Users\amusk\.p2\pool\plugins\org.eclipse.m2e.maven.runtime_3.9.500.20231113-2345\jars\plexus-sec-dispatcher-2.0.jar
2024-11-25 16:36:41,244 [Worker-14: Launching carRentalSystem] INFO  o.eclipse.m2e.core.internal.Bundles - 	Entry: C:\Users\amusk\.p2\pool\plugins\org.eclipse.m2e.maven.runtime_3.9.500.20231113-2345\jars\plexus-utils-3.5.1.jar
2024-11-25 16:36:41,244 [Worker-14: Launching carRentalSystem] INFO  o.eclipse.m2e.core.internal.Bundles - 	Entry: C:\Users\amusk\.p2\pool\plugins\org.eclipse.m2e.maven.runtime_3.9.500.20231113-2345\jars\wagon-file-3.5.3.jar
2024-11-25 16:36:41,244 [Worker-14: Launching carRentalSystem] INFO  o.eclipse.m2e.core.internal.Bundles - 	Entry: C:\Users\amusk\.p2\pool\plugins\org.eclipse.m2e.maven.runtime_3.9.500.20231113-2345\jars\wagon-http-3.5.3.jar
2024-11-25 16:36:41,244 [Worker-14: Launching carRentalSystem] INFO  o.eclipse.m2e.core.internal.Bundles - 	Entry: C:\Users\amusk\.p2\pool\plugins\org.eclipse.m2e.maven.runtime_3.9.500.20231113-2345\jars\wagon-http-shared-3.5.3.jar
2024-11-25 16:36:41,245 [Worker-14: Launching carRentalSystem] INFO  o.eclipse.m2e.core.internal.Bundles - 	Entry: C:\Users\amusk\.p2\pool\plugins\org.eclipse.m2e.maven.runtime_3.9.500.20231113-2345\jars\wagon-provider-api-3.5.3.jar
2024-11-25 16:36:41,252 [Worker-14: Launching carRentalSystem] INFO  o.eclipse.m2e.core.internal.Bundles - getClasspathEntries(Bundle=com.google.guava_32.1.3.jre [12])
2024-11-25 16:36:41,253 [Worker-14: Launching carRentalSystem] INFO  o.eclipse.m2e.core.internal.Bundles - 	Entry: C:\Users\amusk\.p2\pool\plugins\com.google.guava_32.1.3.jre.jar
2024-11-25 16:36:41,253 [Worker-14: Launching carRentalSystem] INFO  o.eclipse.m2e.core.internal.Bundles - getClasspathEntries(Bundle=slf4j.api_2.0.16 [1133])
2024-11-25 16:36:41,254 [Worker-14: Launching carRentalSystem] INFO  o.eclipse.m2e.core.internal.Bundles - 	Entry: C:\Users\amusk\.p2\pool\plugins\slf4j.api_2.0.16.jar
2024-11-25 16:36:41,254 [Worker-14: Launching carRentalSystem] INFO  o.eclipse.m2e.core.internal.Bundles - getClasspathEntries(Bundle=jakarta.inject.jakarta.inject-api_1.0.5 [29])
2024-11-25 16:36:41,254 [Worker-14: Launching carRentalSystem] INFO  o.eclipse.m2e.core.internal.Bundles - 	Entry: C:\Users\amusk\.p2\pool\plugins\jakarta.inject.jakarta.inject-api_1.0.5.jar
2024-11-25 16:36:41,255 [Worker-14: Launching carRentalSystem] INFO  o.eclipse.m2e.core.internal.Bundles - getClasspathEntries(Bundle=jakarta.annotation-api_1.3.5 [24])
2024-11-25 16:36:41,255 [Worker-14: Launching carRentalSystem] INFO  o.eclipse.m2e.core.internal.Bundles - 	Entry: C:\Users\amusk\.p2\pool\plugins\jakarta.annotation-api_1.3.5.jar
2024-11-25 16:36:41,255 [Worker-14: Launching carRentalSystem] INFO  o.eclipse.m2e.core.internal.Bundles - getClasspathEntries(Bundle=org.apache.commons.cli_1.9.0 [1024])
2024-11-25 16:36:41,256 [Worker-14: Launching carRentalSystem] INFO  o.eclipse.m2e.core.internal.Bundles - 	Entry: C:\Users\amusk\.p2\pool\plugins\org.apache.commons.cli_1.9.0.jar
2024-11-25 16:36:41,256 [Worker-14: Launching carRentalSystem] INFO  o.eclipse.m2e.core.internal.Bundles - getClasspathEntries(Bundle=org.apache.commons.commons-codec_1.16.0 [75])
2024-11-25 16:36:41,256 [Worker-14: Launching carRentalSystem] INFO  o.eclipse.m2e.core.internal.Bundles - 	Entry: C:\Users\amusk\.p2\pool\plugins\org.apache.commons.commons-codec_1.16.0.jar
2024-11-25 16:36:41,256 [Worker-14: Launching carRentalSystem] INFO  o.eclipse.m2e.core.internal.Bundles - getClasspathEntries(Bundle=org.apache.commons.lang3_3.16.0 [1028])
2024-11-25 16:36:41,256 [Worker-14: Launching carRentalSystem] INFO  o.eclipse.m2e.core.internal.Bundles - 	Entry: C:\Users\amusk\.p2\pool\plugins\org.apache.commons.lang3_3.16.0.jar
2024-11-25 16:36:41,256 [Worker-14: Launching carRentalSystem] INFO  o.eclipse.m2e.core.internal.Bundles - getClasspathEntries(Bundle=com.google.guava.failureaccess_1.0.2 [13])
2024-11-25 16:36:41,257 [Worker-14: Launching carRentalSystem] INFO  o.eclipse.m2e.core.internal.Bundles - 	Entry: C:\Users\amusk\.p2\pool\plugins\com.google.guava.failureaccess_1.0.2.jar
2024-11-25 16:36:41,260 [Worker-14: Launching carRentalSystem] INFO  o.e.m.i.launch.MavenLaunchDelegate - Run build in "C:\Infosys Internship\carRentalSystem\carRentalApplication\carRentalSystem":
2024-11-25 16:36:41,264 [Worker-14: Launching carRentalSystem] INFO  o.e.m.i.launch.MavenLaunchDelegate -  mvn  -B -Dstyle.color=always clean install
